<?xml version="1.0" encoding="UTF-8"?>
<!-- Generated by org.testng.reporters.JUnitXMLReporter -->
<testsuite ignored="0" hostname="Jerish-PC" failures="0" tests="2" name="Error Validation Test" time="10.47" errors="0" timestamp="2025-11-24T13:30:32 IST">
  <testcase classname="framework.tests.ErrorValidationTest" name="logInError" time="3.059"/>
  <testcase classname="framework.tests.ErrorValidationTest" name="productNotDisplayedInCartError" time="5.294"/>
</testsuite> <!-- Error Validation Test -->
