<?xml version="1.0" encoding="UTF-8"?>
<!-- Generated by org.testng.reporters.JUnitXMLReporter -->
<testsuite ignored="2" hostname="Jerish-PC" failures="0" tests="0" time="0.01" errors="0" timestamp="2025-11-24T13:30:21 IST">
  <testcase classname="framework.tests.SubmitOrderTest" name="verifyOrderDisplay" time="0.0">
    <ignored/>
  </testcase> <!-- verifyOrderDisplay -->
  <testcase classname="framework.tests.SubmitOrderTest" name="submitOrder" time="0.0">
    <ignored/>
  </testcase> <!-- submitOrder -->
</testsuite>
