<?xml version="1.0" encoding="UTF-8"?>
<!-- Generated by org.testng.reporters.JUnitXMLReporter -->
<testsuite ignored="0" hostname="Jerish-PC" failures="0" tests="2" name="Error Validation Test" time="15.46" errors="0" timestamp="2025-11-24T15:12:09 IST">
  <testcase classname="framework.tests.ErrorValidationTest" name="logInError" time="3.027"/>
  <testcase classname="framework.tests.ErrorValidationTest" name="productNotDisplayedInCartError" time="4.604"/>
</testsuite> <!-- Error Validation Test -->
