<?xml version="1.0" encoding="UTF-8"?>
<!-- Generated by org.testng.reporters.JUnitReportReporter -->
<testsuite hostname="Jerish-PC" failures="0" tests="2" name="framework.tests.ErrorValidationTest" time="10.432" errors="0" timestamp="2025-11-24T13:30:32 IST" skipped="0">
  <testcase classname="framework.tests.ErrorValidationTest" name="productNotDisplayedInCartError" time="6.560"/>
  <testcase classname="framework.tests.ErrorValidationTest" name="logInError" time="3.872"/>
</testsuite> <!-- framework.tests.ErrorValidationTest -->
