<?xml version="1.0" encoding="UTF-8"?>
<!-- Generated by org.testng.reporters.JUnitReportReporter -->
<testsuite hostname="Jerish-PC" failures="0" tests="5" name="framework.tests.SubmitOrderTest" time="32.976" errors="0" timestamp="2025-11-24T10:53:30 IST" skipped="0">
  <testcase classname="framework.tests.SubmitOrderTest" name="productNotDisplayedInCartError" time="6.332"/>
  <testcase classname="framework.tests.SubmitOrderTest" name="verifyOrderDisplay" time="5.002"/>
  <testcase classname="framework.tests.SubmitOrderTest" name="logInError" time="4.856"/>
  <testcase classname="framework.tests.SubmitOrderTest" name="submitOrder" time="8.612"/>
  <testcase classname="framework.tests.SubmitOrderTest" name="submitOrder" time="8.174"/>
</testsuite> <!-- framework.tests.SubmitOrderTest -->
