<?xml version="1.0" encoding="UTF-8"?>
<!-- Generated by org.testng.reporters.JUnitReportReporter -->
<testsuite hostname="Jerish-PC" failures="0" tests="2" name="framework.tests.ErrorValidationTest" time="15.421" errors="0" timestamp="2025-11-24T15:12:09 IST" skipped="0">
  <testcase classname="framework.tests.ErrorValidationTest" name="logInError" time="6.422"/>
  <testcase classname="framework.tests.ErrorValidationTest" name="productNotDisplayedInCartError" time="8.999"/>
</testsuite> <!-- framework.tests.ErrorValidationTest -->
