<?xml version="1.0" encoding="UTF-8"?>
<!-- Generated by org.testng.reporters.JUnitReportReporter -->
<testsuite hostname="Jerish-PC" failures="0" tests="3" name="framework.tests.SubmitOrderTest" time="21.112" errors="0" timestamp="2025-11-24T15:11:33 IST" skipped="0">
  <testcase classname="framework.tests.SubmitOrderTest" name="submitOrder" time="8.536"/>
  <testcase classname="framework.tests.SubmitOrderTest" name="submitOrder" time="8.016"/>
  <testcase classname="framework.tests.SubmitOrderTest" name="verifyOrderDisplay" time="4.560"/>
</testsuite> <!-- framework.tests.SubmitOrderTest -->
